QI1 OrdC 50000 350769 127 446
QI1 OrdC 100000 700769 127 890
QI1 OrdC 150000 1050769 127 1336
QI1 OrdC 200000 1400769 127 1782
QI1 OrdC 250000 1750769 127 2228
QI1 OrdC 300000 2100769 127 2679
QI1 OrdC 350000 2450769 127 3132
QI1 OrdC 400000 2800769 127 3582
QI1 OrdC 450000 3150769 127 4037
QI1 OrdC 500000 3500769 127 4489
QI1 OrdD 50000 300776 25126 453
QI1 OrdD 100000 600776 50126 904
QI1 OrdD 150000 900776 75126 1357
QI1 OrdD 200000 1200776 100126 1811
QI1 OrdD 250000 1500776 125126 2265
QI1 OrdD 300000 1800776 150126 2724
QI1 OrdD 350000 2100776 175126 3181
QI1 OrdD 400000 2400776 200126 3645
QI1 OrdD 450000 2700776 225126 4108
QI1 OrdD 500000 3000776 250126 4568
QI1 Ale 50000 4521263 4329260 9279
QI1 Ale 100000 17515099 17134731 33731
QI1 Ale 150000 39105532 38541983 72912
QI1 Ale 200000 69281471 68551361 127113
QI1 Ale 250000 107605493 106668498 196989
QI1 Ale 300000 154717412 153593633 283360
QI1 Ale 350000 209699619 208350929 379762
QI1 Ale 400000 274344151 272847217 499524
QI1 Ale 450000 347168932 345450364 625685
QI1 Ale 500000 428529963 426645856 769416
