QI10 OrdC 50000 200094 15 274
QI10 OrdC 100000 400094 15 549
QI10 OrdC 150000 600094 15 824
QI10 OrdC 200000 800094 15 1102
QI10 OrdC 250000 1000094 15 1382
QI10 OrdC 300000 1200094 15 1663
QI10 OrdC 350000 1400094 15 1943
QI10 OrdC 400000 1600094 15 2224
QI10 OrdC 450000 1800094 15 2509
QI10 OrdC 500000 2000094 15 2794
QI10 OrdD 50000 150098 25014 282
QI10 OrdD 100000 300098 50014 563
QI10 OrdD 150000 450098 75014 846
QI10 OrdD 200000 600098 100014 1131
QI10 OrdD 250000 750098 125014 1416
QI10 OrdD 300000 900098 150014 1704
QI10 OrdD 350000 1050098 175014 1994
QI10 OrdD 400000 1200098 200014 2285
QI10 OrdD 450000 1350098 225014 2576
QI10 OrdD 500000 1500098 250014 2883
QI10 Ale 50000 42996444 42895048 76696
QI10 Ale 100000 170289868 170082928 300931
QI10 Ale 150000 383435699 383141045 689763
QI10 Ale 200000 679218557 678832505 1200727
QI10 Ale 250000 1069175994 1068663782 1897836
QI10 Ale 300000 1539612952 1539008823 2716040
QI10 Ale 350000 2107548604 2106881186 3785624
QI10 Ale 400000 2755021854 2754196183 4870388
QI10 Ale 450000 3458141284 3457243786 6187984
QI10 Ale 500000 4263821765 4262792397 7568567
