QM3 OrdC 50000 750015 32767 993
QM3 OrdC 100000 1600016 65535 2099
QM3 OrdC 150000 2456803 84464 3109
QM3 OrdC 200000 3400017 131071 4465
QM3 OrdC 250000 4250017 131071 5478
QM3 OrdC 300000 5213588 168928 6725
QM3 OrdC 350000 6213588 218928 7895
QM3 OrdC 400000 7200018 262143 10200
QM3 OrdC 450000 8100018 262143 10390
QM3 OrdC 500000 9000018 262143 11257
QM3 OrdD 50000 700031 57766 1003
QM3 OrdD 100000 1500033 115534 2118
QM3 OrdD 150000 2306823 159464 3219
QM3 OrdD 200000 3200035 231070 4587
QM3 OrdD 250000 4000035 256070 5630
QM3 OrdD 300000 4913609 318928 6679
QM3 OrdD 350000 5863609 393928 8005
QM3 OrdD 400000 6800037 462142 9427
QM3 OrdD 450000 7650037 487142 10372
QM3 OrdD 500000 8500037 512142 11372
QM3 Ale 50000 627647 204963 4818
QM3 Ale 100000 1346023 433050 10215
QM3 Ale 150000 2082055 670562 16131
QM3 Ale 200000 2855005 912983 21420
QM3 Ale 250000 3605846 1160968 27084
QM3 Ale 300000 4362743 1412816 32961
QM3 Ale 350000 5191334 1665939 38675
QM3 Ale 400000 5978578 1921577 44626
QM3 Ale 450000 6759778 2181363 50765
QM3 Ale 500000 7587908 2440221 56518
