QNR OrdC 50000 684481 32767 1638
QNR OrdC 100000 1468946 65535 3408
QNR OrdC 150000 2287875 84464 4757
QNR OrdC 200000 3137875 131071 7048
QNR OrdC 250000 3987875 131071 7961
QNR OrdC 300000 4875732 168928 10013
QNR OrdC 350000 5775732 218928 12020
QNR OrdC 400000 6675732 262143 14710
QNR OrdC 450000 7575732 262143 15446
QNR OrdC 500000 8475732 262143 16340
QNR OrdD 50000 634496 57766 1686
QNR OrdD 100000 1368962 115534 3423
QNR OrdD 150000 2137892 159464 4744
QNR OrdD 200000 2937892 231070 7094
QNR OrdD 250000 3737892 256070 7885
QNR OrdD 300000 4575750 318928 9922
QNR OrdD 350000 5425750 393928 12024
QNR OrdD 400000 6275750 462142 14665
QNR OrdD 450000 7125750 487142 15649
QNR OrdD 500000 7975750 512142 16398
QNR Ale 50000 615048 199607 5549
QNR Ale 100000 1322789 422374 11630
QNR Ale 150000 2072189 653445 17804
QNR Ale 200000 2864719 889421 24120
QNR Ale 250000 3634607 1131573 30633
QNR Ale 300000 4510275 1373754 37096
QNR Ale 350000 5232408 1624204 44203
QNR Ale 400000 6034826 1875157 50307
QNR Ale 450000 6910575 2123611 56898
QNR Ale 500000 7702417 2380497 63782
