QPE OrdC 50000 1249975000 49999 612468
QPE OrdC 100000 4999950000 99999 2450633
QPE OrdC 150000 11249925000 149999 5515052
QPE OrdC 200000 19999900000 199999 9814653
QPE OrdC 250000 31249875000 249999 15335936
QPE OrdC 300000 44999850000 299999 22083398
QPE OrdC 350000 61249825000 349999 30061812
QPE OrdC 400000 79999800000 399999 39265623
QPE OrdC 450000 101249775000 449999 49997651
QPE OrdC 500000 124999750000 499999 61450811
QPE OrdD 50000 1249950000 49999 1407318
QPE OrdD 100000 4999900000 99999 5636007
QPE OrdD 150000 11249850000 149999 12688734
QPE OrdD 200000 19999800000 199999 22566049
QPE OrdD 250000 31249750000 249999 35261846
QPE OrdD 300000 44999700000 299999 50784814
QPE OrdD 350000 61249650000 349999 69127318
QPE OrdD 400000 79999600000 399999 90292178
QPE OrdD 450000 101249550000 449999 114303273
QPE OrdD 500000 124999500000 499999 141253426
QPE Ale 50000 734341 200560 4819
QPE Ale 100000 1585272 423605 10093
QPE Ale 150000 2481697 656594 15611
QPE Ale 200000 3419476 894000 21284
QPE Ale 250000 4351234 1136748 26945
QPE Ale 300000 5281152 1382005 32682
QPE Ale 350000 6284596 1630140 38557
QPE Ale 400000 7239907 1880557 44438
QPE Ale 450000 8226169 2135425 50431
QPE Ale 500000 9238811 2389683 56413
