QC OrdC 50000 684481 32767 877
QC OrdC 100000 1468946 65535 1872
QC OrdC 150000 2287875 84464 2843
QC OrdC 200000 3137875 131071 3989
QC OrdC 250000 3987875 131071 4919
QC OrdC 300000 4875732 168928 6035
QC OrdC 350000 5775732 218928 7245
QC OrdC 400000 6675732 262143 8480
QC OrdC 450000 7575732 262143 9464
QC OrdC 500000 8475732 262143 10485
QC OrdD 50000 634496 57766 867
QC OrdD 100000 1368962 115534 1858
QC OrdD 150000 2137892 159464 2815
QC OrdD 200000 2937892 231070 3953
QC OrdD 250000 3737892 256070 4872
QC OrdD 300000 4575750 318928 5972
QC OrdD 350000 5425750 393928 7184
QC OrdD 400000 6275750 462142 8409
QC OrdD 450000 7125750 487142 9385
QC OrdD 500000 7975750 512142 10387
QC Ale 50000 616395 199494 3768
QC Ale 100000 1337137 421700 7927
QC Ale 150000 2066896 653314 12242
QC Ale 200000 2891641 888195 16603
QC Ale 250000 3630206 1131221 21069
QC Ale 300000 4449357 1376141 25652
QC Ale 350000 5311662 1621534 30288
QC Ale 400000 6020087 1875182 34778
QC Ale 450000 6908866 2124700 39499
QC Ale 500000 7749555 2377022 44202
