QI5 OrdC 50000 250191 31 331
QI5 OrdC 100000 500191 31 662
QI5 OrdC 150000 750191 31 994
QI5 OrdC 200000 1000191 31 1329
QI5 OrdC 250000 1250191 31 1665
QI5 OrdC 300000 1500191 31 2001
QI5 OrdC 350000 1750191 31 2340
QI5 OrdC 400000 2000191 31 2680
QI5 OrdC 450000 2250191 31 3020
QI5 OrdC 500000 2500191 31 3358
QI5 OrdD 50000 200196 25030 339
QI5 OrdD 100000 400196 50030 677
QI5 OrdD 150000 600196 75030 1017
QI5 OrdD 200000 800196 100030 1358
QI5 OrdD 250000 1000196 125030 1698
QI5 OrdD 300000 1200196 150030 2041
QI5 OrdD 350000 1400196 175030 2390
QI5 OrdD 400000 1600196 200030 2736
QI5 OrdD 450000 1800196 225030 3087
QI5 OrdD 500000 2000196 250030 3452
QI5 Ale 50000 21530746 21404599 38956
QI5 Ale 100000 85533683 85270979 152126
QI5 Ale 150000 191453861 191086452 342317
QI5 Ale 200000 339850023 339348274 607893
QI5 Ale 250000 532069110 531432224 951993
QI5 Ale 300000 755222306 754416574 1335615
QI5 Ale 350000 1045642459 1044762853 1870019
QI5 Ale 400000 1367160812 1366133767 2408180
QI5 Ale 450000 1728453958 1727292879 3050520
QI5 Ale 500000 2125133094 2123826087 3782348
