QM3 OrdC 50000 946617 32767 1014
QM3 OrdC 100000 1993226 65535 2142
QM3 OrdC 150000 2963587 84464 3184
QM3 OrdC 200000 4186443 131071 4517
QM3 OrdC 250000 5036443 131071 5376
QM3 OrdC 300000 6227156 168928 6661
QM3 OrdC 350000 7527156 218928 8014
QM3 OrdC 400000 8772876 262143 9510
QM3 OrdC 450000 9672876 262143 10362
QM3 OrdC 500000 10572876 262143 11344
QM3 OrdD 50000 896632 57766 1021
QM3 OrdD 100000 1893242 115534 2156
QM3 OrdD 150000 2813612 159464 3186
QM3 OrdD 200000 3986460 231070 4540
QM3 OrdD 250000 4786460 256070 5410
QM3 OrdD 300000 5927182 318928 6698
QM3 OrdD 350000 7177182 393928 8069
QM3 OrdD 400000 8372894 462142 9570
QM3 OrdD 450000 9222894 487142 10430
QM3 OrdD 500000 10072894 512142 11447
QM3 Ale 50000 854338 204663 4972
QM3 Ale 100000 1784323 432877 10450
QM3 Ale 150000 2746954 669796 16071
QM3 Ale 200000 3711215 913374 21880
QM3 Ale 250000 4686652 1161493 27737
QM3 Ale 300000 5704173 1411850 33718
QM3 Ale 350000 6741927 1664187 39708
QM3 Ale 400000 7772169 1919469 45720
QM3 Ale 450000 8731803 2180327 51966
QM3 Ale 500000 9805424 2438515 57951
